<?xml version="1.0" encoding="UTF-8"?>
<testsuite name="A1.TestCustomer" tests="4" skipped="0" failures="0" errors="0" timestamp="2021-09-24T06:38:16" hostname="Rachels-MacBook-Air-3.local" time="5.066">
  <properties/>
  <testcase name="testCheckPin()" classname="A1.TestCustomer" time="1.297"/>
  <testcase name="testUpdateBalance()" classname="A1.TestCustomer" time="1.013"/>
  <testcase name="testBlockCard()" classname="A1.TestCustomer" time="0.834"/>
  <testcase name="testConstructor()" classname="A1.TestCustomer" time="1.917"/>
  <system-out><![CDATA[]]></system-out>
  <system-err><![CDATA[]]></system-err>
</testsuite>
