<?xml version="1.0" encoding="UTF-8"?>
<testsuite name="A1.TestCheckBalance" tests="2" skipped="0" failures="0" errors="0" timestamp="2021-09-24T06:38:14" hostname="Rachels-MacBook-Air-3.local" time="1.563">
  <properties/>
  <testcase name="testDoTransaction()" classname="A1.TestCheckBalance" time="0.401"/>
  <testcase name="testConstruct()" classname="A1.TestCheckBalance" time="0.108"/>
  <system-out><![CDATA[]]></system-out>
  <system-err><![CDATA[]]></system-err>
</testsuite>
